[22:07:16] [ServerMain/INFO]: Environment: authHost='https://authserver.mojang.com', accountsHost='https://api.mojang.com', sessionHost='https://sessionserver.mojang.com', servicesHost='https://api.minecraftservices.com', name='PROD'
[22:07:16] [ServerMain/INFO]: Found new data pack file/bukkit, loading it automatically
[22:07:16] [ServerMain/INFO]: Loaded 7 recipes
[22:07:17] [Server thread/INFO]: Starting minecraft server version 1.19.4
[22:07:17] [Server thread/INFO]: Loading properties
[22:07:17] [Server thread/INFO]: This server is running Paper version git-Paper-550 (MC: 1.19.4) (Implementing API version 1.19.4-R0.1-SNAPSHOT) (Git: 483368e on ver/1.19.4)
[22:07:17] [Server thread/INFO]: Server Ping Player Sample Count: 12
[22:07:17] [Server thread/INFO]: Using 4 threads for Netty based IO
[22:07:17] [Server thread/INFO]: [ChunkTaskScheduler] Chunk system is using 1 I/O threads, 3 worker threads, and gen parallelism of 3 threads
[22:07:17] [Server thread/WARN]: [!] The timings profiler has been enabled but has been scheduled for removal from Paper in the future.
    We recommend installing the spark profiler as a replacement: https://spark.lucko.me/
    For more information please visit: https://github.com/PaperMC/Paper/issues/8948
[22:07:17] [Server thread/INFO]: Default game type: SURVIVAL
[22:07:17] [Server thread/INFO]: Generating keypair
[22:07:17] [Server thread/INFO]: Starting Minecraft server on *:25565
[22:07:17] [Server thread/INFO]: Using default channel type
[22:07:17] [Server thread/INFO]: Paper: Using Java compression from Velocity.
[22:07:17] [Server thread/INFO]: Paper: Using Java cipher from Velocity.
[22:07:18] [Server thread/INFO]: Preparing level "world"
[22:07:22] [Server thread/INFO]: Preparing start region for dimension minecraft:overworld
[22:07:22] [Server thread/INFO]: Time elapsed: 128 ms
[22:07:22] [Server thread/INFO]: Preparing start region for dimension minecraft:the_nether
[22:07:22] [Server thread/INFO]: Time elapsed: 28 ms
[22:07:22] [Server thread/INFO]: Preparing start region for dimension minecraft:the_end
[22:07:22] [Server thread/INFO]: Time elapsed: 25 ms
[22:07:22] [Server thread/INFO]: Running delayed init tasks
[22:07:22] [Server thread/INFO]: Done (4.898s)! For help, type "help"
[22:07:22] [Server thread/INFO]: Timings Reset
[22:08:11] [Server thread/INFO]: Stopping server
[22:08:11] [Server thread/INFO]: Saving players
[22:08:11] [Server thread/INFO]: Saving worlds
[22:08:11] [Server thread/INFO]: Saving chunks for level 'ServerLevel[world]'/minecraft:overworld
[22:08:11] [Server thread/INFO]: [ChunkHolderManager] Waiting 60s for chunk system to halt for world 'world'
[22:08:11] [Server thread/INFO]: [ChunkHolderManager] Halted chunk system for world 'world'
[22:08:11] [Server thread/INFO]: [ChunkHolderManager] Saving all chunkholders for world 'world'
[22:08:13] [Server thread/INFO]: [ChunkHolderManager] Saved 2025 block chunks, 529 entity chunks, 0 poi chunks in world 'world' in 1,13s
[22:08:13] [Server thread/INFO]: ThreadedAnvilChunkStorage (world): All chunks are saved
[22:08:13] [Server thread/INFO]: Saving chunks for level 'ServerLevel[world_nether]'/minecraft:the_nether
[22:08:13] [Server thread/INFO]: [ChunkHolderManager] Waiting 60s for chunk system to halt for world 'world_nether'
[22:08:13] [Server thread/INFO]: [ChunkHolderManager] Halted chunk system for world 'world_nether'
[22:08:13] [Server thread/INFO]: [ChunkHolderManager] Saving all chunkholders for world 'world_nether'
[22:08:13] [Server thread/INFO]: [ChunkHolderManager] Saved 2025 block chunks, 529 entity chunks, 0 poi chunks in world 'world_nether' in 0,64s
[22:08:13] [Server thread/INFO]: ThreadedAnvilChunkStorage (DIM-1): All chunks are saved
[22:08:13] [Server thread/INFO]: Saving chunks for level 'ServerLevel[world_the_end]'/minecraft:the_end
[22:08:13] [Server thread/INFO]: [ChunkHolderManager] Waiting 60s for chunk system to halt for world 'world_the_end'
[22:08:13] [Server thread/INFO]: [ChunkHolderManager] Halted chunk system for world 'world_the_end'
[22:08:13] [Server thread/INFO]: [ChunkHolderManager] Saving all chunkholders for world 'world_the_end'
[22:08:14] [Server thread/INFO]: [ChunkHolderManager] Saved 2025 block chunks, 529 entity chunks, 0 poi chunks in world 'world_the_end' in 0,35s
[22:08:14] [Server thread/INFO]: ThreadedAnvilChunkStorage (DIM1): All chunks are saved
[22:08:14] [Server thread/INFO]: ThreadedAnvilChunkStorage: All dimensions are saved
[22:08:14] [Server thread/INFO]: Flushing Chunk IO
[22:08:14] [Server thread/INFO]: Closing Thread Pool
[22:08:14] [Server thread/INFO]: Closing Server
